<?xml version="1.0" encoding="UTF-8"?>
<testng-results ignored="0" total="1" passed="1" failed="0" skipped="0">
  <reporter-output>
  </reporter-output>
  <suite started-at="2022-04-18T02:04:44 CDT" name="Default suite" finished-at="2022-04-18T02:06:10 CDT" duration-ms="85607">
    <groups>
    </groups>
    <test started-at="2022-04-18T02:04:44 CDT" name="Default test" finished-at="2022-04-18T02:06:10 CDT" duration-ms="85607">
      <class name="com.example.NewTest">
        <test-method is-config="true" signature="beforeTest()[pri:0, instance:com.example.NewTest@3d121db3]" started-at="2022-04-18T02:04:44 CDT" name="beforeTest" finished-at="2022-04-18T02:04:58 CDT" duration-ms="13107" status="PASS">
          <reporter-output>
          </reporter-output>
        </test-method> <!-- beforeTest -->
        <test-method signature="f()[pri:0, instance:com.example.NewTest@3d121db3]" started-at="2022-04-18T02:04:58 CDT" name="f" finished-at="2022-04-18T02:06:09 CDT" duration-ms="71534" status="PASS">
          <reporter-output>
          </reporter-output>
        </test-method> <!-- f -->
        <test-method is-config="true" signature="afterTest()[pri:0, instance:com.example.NewTest@3d121db3]" started-at="2022-04-18T02:06:09 CDT" name="afterTest" finished-at="2022-04-18T02:06:10 CDT" duration-ms="907" status="PASS">
          <reporter-output>
          </reporter-output>
        </test-method> <!-- afterTest -->
      </class> <!-- com.example.NewTest -->
    </test> <!-- Default test -->
  </suite> <!-- Default suite -->
</testng-results>
